<?xml version="1.0" encoding="UTF-8"?>
<!-- Generated by org.testng.reporters.JUnitReportReporter -->
<testsuite hostname="LAPTOP-1U7NMQN4" failures="0" tests="13" name="com.datadriven.framework.PriorityTest" time="0.031" errors="0" timestamp="2023-05-31T17:31:56 IST" skipped="0">
  <testcase classname="com.datadriven.framework.PriorityTest" name="amazon" time="0.005"/>
  <system-out/>
  <testcase classname="com.datadriven.framework.PriorityTest" name="product_select" time="0.002"/>
  <system-out/>
  <testcase classname="com.datadriven.framework.PriorityTest" name="amazon" time="0.001"/>
  <system-out/>
  <testcase classname="com.datadriven.framework.PriorityTest" name="amazon" time="0.001"/>
  <system-out/>
  <testcase classname="com.datadriven.framework.PriorityTest" name="amazon" time="0.000"/>
  <system-out/>
  <testcase classname="com.datadriven.framework.PriorityTest" name="amazon" time="0.001"/>
  <system-out/>
  <testcase classname="com.datadriven.framework.PriorityTest" name="amazon" time="0.015"/>
  <system-out/>
  <testcase classname="com.datadriven.framework.PriorityTest" name="amazon" time="0.000"/>
  <system-out/>
  <testcase classname="com.datadriven.framework.PriorityTest" name="amazon" time="0.001"/>
  <system-out/>
  <testcase classname="com.datadriven.framework.PriorityTest" name="amazon" time="0.001"/>
  <system-out/>
  <testcase classname="com.datadriven.framework.PriorityTest" name="amazon" time="0.001"/>
  <system-out/>
  <testcase classname="com.datadriven.framework.PriorityTest" name="overview" time="0.002"/>
  <system-out/>
  <testcase classname="com.datadriven.framework.PriorityTest" name="flipkart" time="0.001"/>
  <system-out/>
</testsuite> <!-- com.datadriven.framework.PriorityTest -->
