<?xml version="1.0" encoding="UTF-8"?>
<!-- Generated by org.testng.reporters.JUnitReportReporter -->
<testsuite hostname="LAPTOP-1U7NMQN4" failures="0" tests="1" name="com.datadriven.framework.ExceptionTest" time="0.018" errors="0" timestamp="2023-05-31T17:35:03 IST" skipped="0">
  <testcase classname="com.datadriven.framework.ExceptionTest" name="add" time="0.018"/>
  <system-out/>
</testsuite> <!-- com.datadriven.framework.ExceptionTest -->
