<?xml version="1.0" encoding="UTF-8"?>
<!-- Generated by org.testng.reporters.JUnitReportReporter -->
<testsuite hostname="LAPTOP-1U7NMQN4" failures="0" tests="2" name="com.datadriven.framework.SimpleAnnotation" time="0.010" errors="0" timestamp="2023-05-29T15:52:00 IST" skipped="0">
  <testcase classname="com.datadriven.framework.SimpleAnnotation" name="overview" time="0.007"/>
  <system-out/>
  <testcase classname="com.datadriven.framework.SimpleAnnotation" name="product_select" time="0.003"/>
  <system-out/>
</testsuite> <!-- com.datadriven.framework.SimpleAnnotation -->
