<?xml version="1.0" encoding="UTF-8"?>
<!-- Generated by org.testng.reporters.JUnitReportReporter -->
<testsuite hostname="LAPTOP-1U7NMQN4" failures="0" tests="5" name="com.datadriven.framework.ParameterizedTest" time="0.030" errors="0" timestamp="2023-06-03T16:04:05 IST" skipped="0">
  <testcase classname="com.datadriven.framework.ParameterizedTest" name="testData" time="0.003"/>
  <testcase classname="com.datadriven.framework.ParameterizedTest" name="testData" time="0.022"/>
  <testcase classname="com.datadriven.framework.ParameterizedTest" name="testData" time="0.003"/>
  <testcase classname="com.datadriven.framework.ParameterizedTest" name="testData" time="0.001"/>
  <testcase classname="com.datadriven.framework.ParameterizedTest" name="testData" time="0.001"/>
</testsuite> <!-- com.datadriven.framework.ParameterizedTest -->
