<?xml version="1.0" encoding="UTF-8"?>
<!-- Generated by org.testng.reporters.JUnitReportReporter -->
<testsuite hostname="LAPTOP-1U7NMQN4" failures="0" tests="4" name="com.datadriven.framework.ParallelTest" time="0.015" errors="0" timestamp="2023-06-02T17:34:23 IST" skipped="0">
  <testcase classname="com.datadriven.framework.ParallelTest" name="youtube" time="0.002"/>
  <system-out/>
  <testcase classname="com.datadriven.framework.ParallelTest" name="flipkart" time="0.001"/>
  <system-out/>
  <testcase classname="com.datadriven.framework.ParallelTest" name="amazon" time="0.011"/>
  <system-out/>
  <testcase classname="com.datadriven.framework.ParallelTest" name="netflix" time="0.001"/>
  <system-out/>
</testsuite> <!-- com.datadriven.framework.ParallelTest -->
