<?xml version="1.0" encoding="UTF-8"?>
<!-- Generated by org.testng.reporters.JUnitReportReporter -->
<testsuite hostname="LAPTOP-1U7NMQN4" failures="0" tests="3" name="com.datadriven.framework.IgnoreTest" time="0.019" errors="0" timestamp="2023-05-31T17:23:18 IST" skipped="0">
  <testcase classname="com.datadriven.framework.IgnoreTest" name="flipkart" time="0.001"/>
  <system-out/>
  <testcase classname="com.datadriven.framework.IgnoreTest" name="amazon" time="0.002"/>
  <system-out/>
  <testcase classname="com.datadriven.framework.IgnoreTest" name="overview" time="0.016"/>
  <system-out/>
</testsuite> <!-- com.datadriven.framework.IgnoreTest -->
